\BOOKMARK [1][-]{section.1}{1.1}{}% 1
\BOOKMARK [1][-]{section.2}{1.1 Inferences}{}% 2
\BOOKMARK [1][-]{section.3}{1.2}{}% 3
\BOOKMARK [1][-]{section.4}{1.3}{}% 4
\BOOKMARK [1][-]{section.5}{1.3 Inferences}{}% 5
\BOOKMARK [1][-]{section.6}{1.4}{}% 6
\BOOKMARK [1][-]{section.7}{1.5}{}% 7
\BOOKMARK [1][-]{section.8}{1.5 Inferences}{}% 8
\BOOKMARK [1][-]{section.9}{2.1}{}% 9
\BOOKMARK [1][-]{section.10}{2.2}{}% 10
\BOOKMARK [1][-]{section.11}{Logistic Regression mean cross val score is: 0.674}{}% 11
\BOOKMARK [1][-]{section.12}{Linear SVC mean cross val score is 0.476}{}% 12
\BOOKMARK [1][-]{section.13}{Nearest Centroid cross val score is 0.193}{}% 13
\BOOKMARK [1][-]{section.14}{Scaled nearest centroid cross val score is 0.424}{}% 14
\BOOKMARK [1][-]{section.15}{Scaled Logistic Regression cross val score is 0.678}{}% 15
\BOOKMARK [1][-]{section.16}{Scaled Linear SVC has a cross val score of 0.670}{}% 16
\BOOKMARK [1][-]{section.17}{2.3}{}% 17
\BOOKMARK [1][-]{section.18}{2.3 Inference}{}% 18
\BOOKMARK [1][-]{section.19}{2.4}{}% 19
\BOOKMARK [1][-]{section.20}{2.4 Inference}{}% 20
\BOOKMARK [1][-]{section.21}{2.5}{}% 21
